<?xml version="1.0" encoding="UTF-8"?>
<testsuite name="com.tgt.shoppingcart.test.ShoppingCartDaoImplSpec" tests="1" skipped="0" failures="0" errors="0" timestamp="2020-06-05T14:15:38" hostname="f8ffc22cfb45" time="0.09">
  <properties/>
  <testcase name="test delete item" classname="com.tgt.shoppingcart.test.ShoppingCartDaoImplSpec" time="0.09"/>
  <system-out><![CDATA[]]></system-out>
  <system-err><![CDATA[]]></system-err>
</testsuite>
